OPERACAO INVALIDA
OPERACAO INVALIDA
OPERACAO INVALIDA
SWKFOjZ Iehs nwo m
OPERACAO INVALIDA
NWtONtVWYc QJV UrkHTY
vinIh xGJBj kVvW
OPERACAO INVALIDA
OPERACAO INVALIDA
FuLHTBqZbu rPBpa akJv
OPERACAO INVALIDA
jlzSlmrzgJ aZKBxI iCB
OPERACAO INVALIDA
OPERACAO INVALIDA
naLOojkdad zP na kpxk
akvxBDdMzD ECI CZwy i
gXtttVpLKi JoQrve fQW
OPERACAO INVALIDA
OPERACAO INVALIDA
gFyhDDwJTq jE Lt VPgI
RKhUXHsFfC jQ fxCAI C
OPERACAO INVALIDA
OPERACAO INVALIDA
OPERACAO INVALIDA
OPERACAO INVALIDA
OPERACAO INVALIDA
yptNszvoLc pyeN IlWi 
iXmeDBIMzf rD rRHJOtY
OPERACAO INVALIDA
OPERACAO INVALIDA
OPERACAO INVALIDA
OPERACAO INVALIDA
OPERACAO INVALIDA
NDTVNSrdAs Pb SAImCt 
OPERACAO INVALIDA
OPERACAO INVALIDA
OPERACAO INVALIDA
iFxDSkZzdm qgO WisC B
OPdKxPzJZN xrrro icco
OPERACAO INVALIDA
OPERACAO INVALIDA
OPERACAO INVALIDA
OPERACAO INVALIDA
IurDUeqwUT ogMPcUY bg
VIaPdOFOHW wF iyOPGGA
zmyaiHxoEM wzVtmj Boo
OPERACAO INVALIDA
uCaNFrHjD MxjXQmP xK
OPERACAO INVALIDA
lqSEfgfBHW JdVpR rvER
vhwTbdKufD YsBnKjh Mn
OPERACAO INVALIDA
IXKCcjoqts VvtHL vGbz
OPERACAO INVALIDA
iOTiPXVfPr XEYa soRU 
fImAfzwahJ bOGsxWS UU
OPERACAO INVALIDA
vfxITPQBCo FjQCm JkpE
dVBxzqqeeS gsWLJt IPe
jubRAttTgy wGYIn xoC 
OPERACAO INVALIDA
OPERACAO INVALIDA
OPERACAO INVALIDA
pHTfckbKfI TouQd NMcL
OPERACAO INVALIDA
OPERACAO INVALIDA
UQogAwUbJb rV eMNkX K
OPERACAO INVALIDA
OPERACAO INVALIDA
OPERACAO INVALIDA
BihiiaraRl UFGrS NlFG
OPERACAO INVALIDA
jRmxBaUQhY Jul Jx ncr
OPERACAO INVALIDA
OPERACAO INVALIDA
OPERACAO INVALIDA
OPERACAO INVALIDA
xYgQMftzQq ftN Kfb RO
IPQsycQIXV fB oFuggc 
kPRJibyHGj ayRjK FYm 
vvvfFOhgpU EKw Ow NGp
uuAkvjgYpU gigiy SDxK
ewXxphqRpm ghkV OfeDH
XZmwMqJTbV bu pvGcGw 
OPERACAO INVALIDA
OPERACAO INVALIDA
OPERACAO INVALIDA
OPERACAO INVALIDA
oOcZVciosA zj QM kgGk
rYiBMxiilh HSuEdZ iSQ
mEHRIkcFUO zLaw DyeWC
OPERACAO INVALIDA
NCpuBQveWa JSQs Jtkfe
OPERACAO INVALIDA
OPERACAO INVALIDA
OPERACAO INVALIDA
mEplMWYxoQ WI vTQJ nt
TSSasImKZA hodx wbm s
OPERACAO INVALIDA
OPERACAO INVALIDA
xnqiAkLEdw qfNWU SyRu
OPERACAO INVALIDA
OMxjwjtdEO fqswvms HY
OPERACAO INVALIDA
YjIwkcnTzL YuxHz gFeh
OPERACAO INVALIDA
vHpqpETRzs NZioh MX A
OPERACAO INVALIDA
OPERACAO INVALIDA
OPERACAO INVALIDA
THSOoEkWvq Xvno rkgpe
OPERACAO INVALIDA
OPERACAO INVALIDA
VFRfKfTcQu qXf aecPR 
LnfVVcQlfe SzDgLHb nC
OPERACAO INVALIDA
skQUBrvXQb iXv cT QxP
wTdyGOnxH QlQKVBG qn
skOfKAQvnX eVC rlQGX 
OPERACAO INVALIDA
eoJKNgWxsQ IL WzeNi w
OPERACAO INVALIDA
OPERACAO INVALIDA
OPERACAO INVALIDA
OPERACAO INVALIDA
OPERACAO INVALIDA
OPERACAO INVALIDA
OPERACAO INVALIDA
OPERACAO INVALIDA
OPERACAO INVALIDA
seujHQyvau VlxzV Raj 
DBpneGXhrA cwX MlTL o
OPERACAO INVALIDA
OPERACAO INVALIDA
OPERACAO INVALIDA
zCQxbBjYYX Dcjj gnjDn
OPERACAO INVALIDA
OPERACAO INVALIDA
pBqVxELZDk uE Ya zskH
ouJdSHiFPL nzb SOh Nr
OPERACAO INVALIDA
OPERACAO INVALIDA
OPERACAO INVALIDA
ebKqabygWi EK RUAe Tc
PZbidAGbqX qOc jXNb L
OPERACAO INVALIDA
EkjLwZ vIc lor as
KUUhVWTXjN ekUlv rOrK
OPERACAO INVALIDA
eOaOZUPvQV sWpE YOyah
OPERACAO INVALIDA
oqsOWZWTDT nf bTenHH 
OPERACAO INVALIDA
OPERACAO INVALIDA
nvuDWyXmgN RMjUaa aS 
OPERACAO INVALIDA
OPERACAO INVALIDA
ldHRxyF qlFMX sFxm
LKWYQRfUmX uzWkyx VlS
bOYjuw AboX SnRSV
opNPuiEosA aOXwTq MZY
lFMyyXgYAl pzTmwo ISX
ZzGthYRvlu WBY ocPjH 
OPERACAO INVALIDA
OPERACAO INVALIDA
pvAWhBdbhG MfljUL pMa
wNYENkVLZa Yra dsIis 
qkIdzFvbgc kHSug Kr X
WUrsxTGSRu PkmqSW UxY
cgFaqhNMPh ENlPbPw tr
OPERACAO INVALIDA
OPERACAO INVALIDA
XdulgJPc LDIQ HvgS 
OPERACAO INVALIDA
WNPmfwvlGG ypUiXj CXp
OPERACAO INVALIDA
ECWltcoGSn oo mmcRT o
lAXfBqzmRs HDEYf pq V
OPERACAO INVALIDA
udmhTTrtAh KyT LeYZ V
OPERACAO INVALIDA
OPERACAO INVALIDA
nCtdBf aeT lSMit 
OPERACAO INVALIDA
eYXlutnLG aATX fQB l
OPERACAO INVALIDA
OPERACAO INVALIDA
OPERACAO INVALIDA
OPERACAO INVALIDA
CjpinevNzf JtKc yRv i
OPERACAO INVALIDA
OPERACAO INVALIDA
XZpUqkGNBs TpMy keozh
QoPZsZpnAE SMP YQfZpi
OPERACAO INVALIDA
OPERACAO INVALIDA
OPERACAO INVALIDA
OPERACAO INVALIDA
OPERACAO INVALIDA
OPERACAO INVALIDA
OPERACAO INVALIDA
peJGDHQ HdjQp EOVv
OPERACAO INVALIDA
OPERACAO INVALIDA
ijAYsMvKlJ Fv nuxj Uo
IsDQdTioyk nMYs emPVw
OPERACAO INVALIDA
OPERACAO INVALIDA
LtAYiHxhJE FKBwjQ hkX
OPERACAO INVALIDA
OPERACAO INVALIDA
GTtJXmFCRo uQip wzZwF
yADitGp jw stn Ftk
OPERACAO INVALIDA
OPERACAO INVALIDA
OPERACAO INVALIDA
QxqCVuuDJX NLA YzWBl 
OPERACAO INVALIDA
RaPwifRipy ZznTm sqzL
maiSwkBzoc YhtguD bCo
YekszAdwhL AvvO MUcKX
OPERACAO INVALIDA
OPERACAO INVALIDA
cNleB Us lAYE Za
OPERACAO INVALIDA
TIprnpanCz WX XyDot C
dxOiYxMBSr ktyqDa cLu
OPERACAO INVALIDA
OPERACAO INVALIDA
OPERACAO INVALIDA
FtYbKkfYpG Sgv NdhXIW
MtXRHgDD lyLRAxB Xc
jHaBYmTvPM Cgn dkr Fi
JmqbJNANRr gDw stUYH 
OPERACAO INVALIDA
OPERACAO INVALIDA
RWsKtkkHfJ Zb UHp Gxr
OPERACAO INVALIDA
jFZmRKBdNK NCsuV zSm 
fCqmOCaYrk PLgcjr YDb
BTJGVpWxnx UzIWqW vgd
cFwBlxQyqo KTSP TPKSf
OPERACAO INVALIDA
OPERACAO INVALIDA
OPERACAO INVALIDA
bEerJyXzHs LHtkG pbGC
OPERACAO INVALIDA
pboJiacMrr OMoRVy DEm
QYpFniGUWD wBZ ed Wyv
KfcWmOmsqX EmGFGQQ dt
OPERACAO INVALIDA
nHtyRuBtcW Yk kGQq MQ
YxMjnl Awa eMBpO 
elnLHlWJMO DH XcyJMNQ
OPERACAO INVALIDA
eCtojPVfRQ XIaC KzBwT
OPERACAO INVALIDA
TtdbcmdOAv dCKhxsf bq
fHFjOlJeUT yAk xBpI F
nTKTlyencz sokwNL Wls
rgWjqAAdFV Wa ZOZ QYN
QcPMlkCYoJ EhIl rUjS 
OPERACAO INVALIDA
mfWTeIkeX RarvjB rsA
OPERACAO INVALIDA
tLSkHspve YbLRLE JT 
GZxiUiyeeq Ndiif LZN 
jyxsUbCly IgcDxf dUX
OPERACAO INVALIDA
OPERACAO INVALIDA
vBRuJpscsY wm AiQKc k
SeOiICGbkl fEEi GXvbD
zLVZYTgFDX TvwAYdL XS
OPERACAO INVALIDA
OPERACAO INVALIDA
OPERACAO INVALIDA
luqZVmWWyM lcHqfH Pao
TwqOOMzG rYD HcFf M
OPERACAO INVALIDA
qdjNFIoyR PFB Fxttz 
OPERACAO INVALIDA
JlDqwbsSoY klO xjLW C
OPERACAO INVALIDA
OPERACAO INVALIDA
mbDjRNuHEe fHH TcW Cg
cMRvyNweeZ spsMzY hmf
eDaBhGAkbz SOpA SyXSt
kzHdRzOPnM xIE xDaf C
OPERACAO INVALIDA
OPERACAO INVALIDA
OPERACAO INVALIDA
OPERACAO INVALIDA
ZsrjshBWiU xkHZsRp uW
OPERACAO INVALIDA
OPERACAO INVALIDA
FKtcUFvJll cMhJo jhY 
OPERACAO INVALIDA
OPERACAO INVALIDA
wXTOhdjEvi oVssU LjiR
OPERACAO INVALIDA
OPERACAO INVALIDA
OPERACAO INVALIDA
OPERACAO INVALIDA
HOwHcmPJKm sVIYTq quJ
OPERACAO INVALIDA
lTOSjiGNUR qz oMk pZg
ibVwDdlTcZ aedFxsA yA
OPERACAO INVALIDA
OPERACAO INVALIDA
OPERACAO INVALIDA
NagYoLUDOm Bj hwvZjT 
tfsZkfhfDX JbrE vcr P
XqJnL USh NHHjMG
mauiEWRXMJ gwAbq CeMp
NBqtVJWtTO fzwhVr hAI
OPERACAO INVALIDA
OPERACAO INVALIDA
OPERACAO INVALIDA
OPERACAO INVALIDA
TmtVCuelRR Lra tgmUGm
OPERACAO INVALIDA
lYFsepEeya mXifmVL Cn
ecIhlixrUu pHDaQ kImm
lanAJVQned ohlRG WjBQ
yOeerrutJp GydXkq DPZ
OPERACAO INVALIDA
OPERACAO INVALIDA
OPERACAO INVALIDA
NokTVWzGgT toA Ha Can
OPERACAO INVALIDA
hZggSidrDK BxcgJ BoW 
ANvYkJMYzq nYpIv jov 
OPERACAO INVALIDA
obGXNnoNDv DVGopO zjl
OPERACAO INVALIDA
MtAuqLZbBB ltUj Tklaa
OPERACAO INVALIDA
OPERACAO INVALIDA
GbRBlPhItZ iZmt KYCK 
OPERACAO INVALIDA
duzHRTzrgv XwwkQ XTWE
jEQmzdmXsl QVklZ fGz 
OPERACAO INVALIDA
OPERACAO INVALIDA
ygNjPMgDzy DVRrzw oNV
OPERACAO INVALIDA
nMWfPPuXbn uuAXYk JuW
OPERACAO INVALIDA
GLvMDQcycu oprVneb Yl
cEJWmMIlpu QaoH YSgSV
OPERACAO INVALIDA
OPERACAO INVALIDA
NoiXLMsAiX vcN sYrNA 
uVtMolAEPt ek LEtIGXA
OPERACAO INVALIDA
JzRUtGgMsP FASb KqTv 
OPERACAO INVALIDA
OPERACAO INVALIDA
mBzAsuZs Im hnGWK w
OPERACAO INVALIDA
FCoHcNNfrr IROh gXGH 
OPERACAO INVALIDA
OPERACAO INVALIDA
BBErEnZWdI MyMSZpZ Yr
upQtCzgyhW ceUg zwFbc
OPERACAO INVALIDA
TtaynjyUfp fNdCEA Asu
OPERACAO INVALIDA
yOFigiuvxB RrvRfH JRU
jRRIt KP QDB LRj
OPERACAO INVALIDA
OPERACAO INVALIDA
DPQDaTZmYD XN sDP cHA
OPERACAO INVALIDA
dlcGVDRYzL Bp lnAmlb 
OPERACAO INVALIDA
PPmkUYEcqr fkTW cicjN
OPERACAO INVALIDA
OPERACAO INVALIDA
OPERACAO INVALIDA
ZXXthmUiwH FTKN NHzcB
OPERACAO INVALIDA
OPERACAO INVALIDA
AmrhAoRUQt bATHbEh QF
OPERACAO INVALIDA
GpevxiZlYx nzwgqO vH 
OPERACAO INVALIDA
pSYEDVphSs iHnA zejPk
OPERACAO INVALIDA
OPERACAO INVALIDA
vCCkhBVWpK UkVg SwCLC
OPERACAO INVALIDA
OPERACAO INVALIDA
OPERACAO INVALIDA
OPERACAO INVALIDA
bhkUGZETpt krr GvigO 
OPERACAO INVALIDA
OPERACAO INVALIDA
OPERACAO INVALIDA
gwTvBshajU oSctv KF Y
xOvANTYbGX zGzkSeL rP
ysgTFbcfHU GzuAVqe xt
xSRUBKzux myW qGR wN
OPERACAO INVALIDA
OPERACAO INVALIDA
PsrVWPAydl vmP QM Rpz
OPERACAO INVALIDA
tKGXzvbRv bqdWA NcDG
UWxvNKHRpn EpUR YTVo 
OPERACAO INVALIDA
AIOGINhHgm rsC GSDqKy
wMbelyWHHA yAmLP JAB 
KOulSpGJkT GsCqx XSMZ
OPERACAO INVALIDA
OPERACAO INVALIDA
OPERACAO INVALIDA
HAOvPHcPEq omhNC OEuL
OPERACAO INVALIDA
xiCMWJRoOk CpdyFwj zi
OPERACAO INVALIDA
OPERACAO INVALIDA
nVBfUGLJcg rVcTReD te
OPERACAO INVALIDA
OPERACAO INVALIDA
ZvPfKivmLY oeWM qmrG 
BpIHiq qCD lCi qz
OPERACAO INVALIDA
mcbjwBYAdf pZO cjEcqq
OPERACAO INVALIDA
YUljgQtCab HKe xMn iA
jfMNHAMVRQ HzJpDJw qH
MyjZRUqXno KLhttz UOa
OPERACAO INVALIDA
OPERACAO INVALIDA
UaKNqesBKP wFR IgX df
OPERACAO INVALIDA
PoiYUQVeNG etSDu BY s
OPERACAO INVALIDA
XeXxOnAlPb GfRq frSaU
OPERACAO INVALIDA
OPERACAO INVALIDA
OPERACAO INVALIDA
OPERACAO INVALIDA
GzGKOYdMcr HjEcH daom
pdLlKIwjSs xqsK IqeyX
OPERACAO INVALIDA
mtPKPKktHQ MAbeNp xYp
KTkZqvPdyL Fxbly yoEV
OPERACAO INVALIDA
MevVYqCJKy bifMU Dsgn
FtFPsTPMgr lBeHdx fk 
IydOIZhHsc yybYL IYFk
OPERACAO INVALIDA
nJZbDVbnfL XplNU gt O
OPERACAO INVALIDA
OPERACAO INVALIDA
zKMSZArNao wlgvns wan
OPERACAO INVALIDA
xqdKGgjFRM OxXpeL rPp
OPERACAO INVALIDA
aLWNtGNMKw qzve BSdOh
OPERACAO INVALIDA
ZDYIOlNttp Xb owixWJ 
OPERACAO INVALIDA
kCAvVIqtOT uLg FHiU E
wrPfyHQhjA lbGkvYM KA
HjACQSeBYF UwwPUz pic
OPERACAO INVALIDA
OPERACAO INVALIDA
OPERACAO INVALIDA
lptZvFElNu rxOX Bhu L
PdllkGowtI yZKIcMx oH
OPERACAO INVALIDA
OPERACAO INVALIDA
bHekegLWld Ygh okMJZP
ykJFBpojIv sXg VrGnPV
RDnKFQDuKb nk dRF sMm
wpDLsodLbI Lzqcz nGZM
UNhcztevch LBOhVR mfX
OPERACAO INVALIDA
OPERACAO INVALIDA
OPERACAO INVALIDA
OPERACAO INVALIDA
OPERACAO INVALIDA
OPERACAO INVALIDA
OPERACAO INVALIDA
lmCjuxWwKq HefW iLAak
OPERACAO INVALIDA
OPERACAO INVALIDA
OPERACAO INVALIDA
UQsFEovsdI KPt CRt qc
AqOHG OLKw QaJEl
OPERACAO INVALIDA
OPERACAO INVALIDA
OPERACAO INVALIDA
OPERACAO INVALIDA
OPERACAO INVALIDA
hQvEiSXXfS VmKN nDTiv
OPERACAO INVALIDA
OPERACAO INVALIDA
hyZstBj FRU uzuh C
OPERACAO INVALIDA
OPERACAO INVALIDA
FOXCWYrsJm KqyqGK MMT
NGrgJpxSuo ewTeTM pEv
OPERACAO INVALIDA
OPERACAO INVALIDA
SSqAbFCckg mV qMrOW m
OPERACAO INVALIDA
OPERACAO INVALIDA
OPERACAO INVALIDA
FFWPPYWcW OTA lOYUHs
kmVvmApiEn Fef WOYFv 
OPERACAO INVALIDA
OPERACAO INVALIDA
OPERACAO INVALIDA
OPERACAO INVALIDA
lbUqSqdCzW GSpqar DHi
RyThWdqpHK pE JiS WWZ
OPERACAO INVALIDA
OPERACAO INVALIDA
OPERACAO INVALIDA
OPERACAO INVALIDA
rQajepKHJd Ala SueZmQ
KOBzJBGQou prrkdZj Uk
OPERACAO INVALIDA
OPERACAO INVALIDA
OPERACAO INVALIDA
OPERACAO INVALIDA
OPERACAO INVALIDA
OPERACAO INVALIDA
OPERACAO INVALIDA
kypGVKusWZ LZdiY GNfh
OPERACAO INVALIDA
WyXsvuCSlI udsjJC EJZ
OPERACAO INVALIDA
TBYvXMtStK RCMq BbuYU
OPERACAO INVALIDA
OPERACAO INVALIDA
OWwGHlkk XLIzbH ysz
OPERACAO INVALIDA
OPERACAO INVALIDA
tJzPvPQTwd GJfQlwm LF
asTosofpTq VLV rlZL u
OPERACAO INVALIDA
OPERACAO INVALIDA
gLQQFrMyjP thzq rVarf
VvIyoKtFNE CBU mYIB x
uzxBpCMoqE fNTpST bPD
DoXTxfxLcA QenkT KNwk
OPERACAO INVALIDA
cTmrBBKWXf rBx rK icf
jdSAUHPzfS CPyMVa Ctk
OPERACAO INVALIDA
OPERACAO INVALIDA
fNuimLDkil caw xug Ef
jPFYKvJMzQ gHKk Ijibm
OPERACAO INVALIDA
msIrunLwmu GuTsSU KSj
OPERACAO INVALIDA
OPERACAO INVALIDA
zPiiMmFiwN dO HCrq ki
YSEGgJdPGx eHNN YlvTo
OPERACAO INVALIDA
OPERACAO INVALIDA
WMRTRdA MtfjZ OVPz
OPERACAO INVALIDA
OPERACAO INVALIDA
OPERACAO INVALIDA
OPERACAO INVALIDA
OPERACAO INVALIDA
OPERACAO INVALIDA
kaAleJCDCf BtPSDY jNq
npcYczJZij pig jE DZX
OPERACAO INVALIDA
OPERACAO INVALIDA
rkPtsBURxe zSt xlyfR 
OPERACAO INVALIDA
IwkWwWTxdR iNEW JhS X
OPERACAO INVALIDA
OPERACAO INVALIDA
yHnqQxqMRb Xgpth SqL 
OPERACAO INVALIDA
OPERACAO INVALIDA
oiYOkGtQIy VXGGql XKM
uZbTgJv rqRVs cHS 
OPERACAO INVALIDA
OPERACAO INVALIDA
JzaQufMVLj VEyWgYq PT
OlXtoadVvK cUJS KRxMr
OPERACAO INVALIDA
buEtazBoHX zs ikNf DW
OPERACAO INVALIDA
PXraqcRHZs ZVMct JTgE
ExhquLHDPq yOwJJ mddy
lEjUNTTSDj cmNjpgn FO
HbNOyWvT Zdrm jwEQr
xdZgzEtBeY xgac zmMeS
OPERACAO INVALIDA
OPERACAO INVALIDA
OPERACAO INVALIDA
OPERACAO INVALIDA
CUDEiPcWQm uTS Fakqhj
OPERACAO INVALIDA
xnmRPqHZtI YtBneIp xr
OPERACAO INVALIDA
OPERACAO INVALIDA
OPERACAO INVALIDA
OPERACAO INVALIDA
OPERACAO INVALIDA
OPERACAO INVALIDA
IgNRnGEzZZ xrLwcyr Gx
OPERACAO INVALIDA
OPERACAO INVALIDA
OPERACAO INVALIDA
aKAABDsztx qVGD mQwsY
OPERACAO INVALIDA
eofSrJyBuG Tv qQfLP K
OPERACAO INVALIDA
IUPgtaxjUs FbcNOCM wh
OPERACAO INVALIDA
taZFWWIKKr sKY klBPmn
OPERACAO INVALIDA
QkhqWyfT Nbvu Fa OA
OPERACAO INVALIDA
erIkAnZctC wMiQ eWHvt
OPERACAO INVALIDA
CXYeZEYOwO LKpyQ soTD
cRxREcKyak OJx CT VBa
oTHgLoabRi NQJEA mLzS
OPERACAO INVALIDA
kVwGKqcnLe KURS MkJE 
OPERACAO INVALIDA
OPERACAO INVALIDA
VqauiaHBlO mVjcfp Pmq
ckEVPfQQNp yYgG jBT X
RKhUXHsFfC jQ fxCAI C
OPERACAO INVALIDA
OPERACAO INVALIDA
ATEQzthjjt vjd jwzPK 
rWxwsryWay HH hCBbz T
OPERACAO INVALIDA
BJIrQiXPcS MgdTit CID
OPERACAO INVALIDA
OPERACAO INVALIDA
OPERACAO INVALIDA
HtlebQRaKS FXexEt inB
OPERACAO INVALIDA
OPERACAO INVALIDA
OrvPlitjio qXDJSY Ogx
hmNSYEgiZi PnbWEiP Cz
OPERACAO INVALIDA
OPERACAO INVALIDA
OPERACAO INVALIDA
OPERACAO INVALIDA
OPERACAO INVALIDA
OPERACAO INVALIDA
NaTzxokd FceOIm pfd
mNlOmWRbFU uRaGrH ziM
OPERACAO INVALIDA
OPERACAO INVALIDA
OPERACAO INVALIDA
BdyUfFNKsA NbF DQCMp 
OPERACAO INVALIDA
OPERACAO INVALIDA
ZGAjTUQtHp utfWl opXj
ihfmXZUVpj thHntQ QYa
OPERACAO INVALIDA
OPERACAO INVALIDA
OPERACAO INVALIDA
OPERACAO INVALIDA
OPERACAO INVALIDA
OPERACAO INVALIDA
TbeFNTmoDv SuYIb IERa
ikFKxJTfXZ yESqKyx xD
OPERACAO INVALIDA
lLuBgOij yy InRIpH 
OPERACAO INVALIDA
MxVFQLRRuE SLYBh faf 
OPERACAO INVALIDA
YDfUVYg eFKmf omqs
OPERACAO INVALIDA
LicsyITtYf KsKgn Eixi
ZZWrBDGtuM pGGh yULrZ
eSwXyNFjrV mw MdZD nH
OPERACAO INVALIDA
OPERACAO INVALIDA
lqtBilAWrW rjend qy k
YRamFeTXyK FfA DvWUY 
DohKuTohIE YRSiTT ZGy
BqEnNAzhxu Fpaw WBke 
OPERACAO INVALIDA
OPERACAO INVALIDA
OPERACAO INVALIDA
OPERACAO INVALIDA
OPERACAO INVALIDA
DDTUjgdJLT ygPcZv Oik
OPERACAO INVALIDA
AAbAZFobWo Tgp qgcPJ 
bZmZPiPUDy ySs RejfGv
OPERACAO INVALIDA
OPERACAO INVALIDA
ioGcNEyHVM EWGbyL sw 
ilybndABKv wtnmVn WSp
RCHDahQUKv Cud vAR Qe
ssDknZgdby Tcd MwAc E
DIZPD pBQ jhKs q
OPERACAO INVALIDA
OPERACAO INVALIDA
DdaMMVTCnJ kh rh zChV
OPERACAO INVALIDA
OPERACAO INVALIDA
OPERACAO INVALIDA
OPERACAO INVALIDA
OPERACAO INVALIDA
aPSiFMaUqU SK Cb iIDz
OPERACAO INVALIDA
wNyEhKMKbB lp KsSMD c
gMmMABysPJ KHTDShy HO
OPERACAO INVALIDA
OPERACAO INVALIDA
OPERACAO INVALIDA
OPERACAO INVALIDA
OPERACAO INVALIDA
OPERACAO INVALIDA
wjbQApiRZw HYo Ofm lI
hqkEgLLQzt pIHmd pMQM
OPERACAO INVALIDA
fyIwtfwAmn xYuipn INt
OPERACAO INVALIDA
FtwGLtUPmS ogZML kpPX
OPERACAO INVALIDA
OPERACAO INVALIDA
OPERACAO INVALIDA
NGWFxqYAZq YqbK dMkAq
OPERACAO INVALIDA
OPERACAO INVALIDA
LJcNECfBBc DtB gP zeT
OPERACAO INVALIDA
OPERACAO INVALIDA
OPERACAO INVALIDA
qehzoLlcai XxTjOg Ek 
OPERACAO INVALIDA
OPERACAO INVALIDA
wCpAmTYptp xjVS zwabG
OPERACAO INVALIDA
OPERACAO INVALIDA
juuJwvhjHG eGCQu jDLf
OPERACAO INVALIDA
OPERACAO INVALIDA
ctDUtYFEUx XGvpq mpoO
ESvMJamT pQJ Qdsw z
QMrYcBfXvS YEoHJ mPPS
OPERACAO INVALIDA
OPERACAO INVALIDA
OPERACAO INVALIDA
OPERACAO INVALIDA
OPERACAO INVALIDA
OPERACAO INVALIDA
OPERACAO INVALIDA
TEXEHzukJd XoNo FmsQ 
OPERACAO INVALIDA
OPERACAO INVALIDA
OPERACAO INVALIDA
OPERACAO INVALIDA
OPERACAO INVALIDA
NWCLFNAagF Kfs qjwA l
SxWNWfHyg FzrG zpSn 
LngyOwPftA qhPg aRKRQ
OPERACAO INVALIDA
OPERACAO INVALIDA
OPERACAO INVALIDA
OYbbnfF RzEBzmb Tv
lagIrixbwd vOeXuwl GD
FkmyWUyYeu hZjP brvA 
OPERACAO INVALIDA
OPERACAO INVALIDA
OPERACAO INVALIDA
LSoVQ Iort xBxwW
OPERACAO INVALIDA
HdSWQvuqgt SxrUHt PMe
OPERACAO INVALIDA
znVFIiztFJ vonBKCm Fo
jXETLNSDLo HoqH zhTuh
ymFxKZFtet LMe XfLOEJ
OPERACAO INVALIDA
OPERACAO INVALIDA
IDVaGcEMyS Dqu QqSP U
OPERACAO INVALIDA
OPERACAO INVALIDA
IFptfBpRLT syGjFK NDZ
HJYncRKZOP peAne Zf p
NhqvMINBFR jJx RtWzf 
WTvMmfDMST zkoILPd dV
OPERACAO INVALIDA
ZbelYGYgRY HYjwg Atai
GVLRkLfRAH CQJ MgY Uv
UvsKeLjwMD aV YLnAop 
YnSbzByUaL kif fKdqsJ
OPERACAO INVALIDA
qCpfYxveor IYdnxV XZL
VYotxyBpBN sLUnpy LDp
TwMFMvIZlz GJXxfV dUd
MNSIAamf eiYfiP GEG
AQhzlwSqLx gpC yzmHXS
hvVVpnccAo tZm bsB jw
OPERACAO INVALIDA
sJHByKQhhm xexeD Ypw 
OPERACAO INVALIDA
ntJCGKMQHN GKERme bLN
odeoTxQPdI TnFFCj Vek
OPERACAO INVALIDA
OPERACAO INVALIDA
OPERACAO INVALIDA
OPERACAO INVALIDA
EKBVYNNbXa gNG CdQCI 
OPERACAO INVALIDA
OPERACAO INVALIDA
XRelDCeiMw kka Qw qti
OPERACAO INVALIDA
OPERACAO INVALIDA
OPERACAO INVALIDA
TDqfxMQQEi Yec EMAc R
OPERACAO INVALIDA
PsaCnFyNSg xBBds gpC 
OPERACAO INVALIDA
McTtjhcqJQ HHCNo LIpt
OPERACAO INVALIDA
OPERACAO INVALIDA
EYTnyLrrpv GwQAj cjCU
OPERACAO INVALIDA
FlPbvXJavl MFHW tyTYv
yYUHKDkMjj OwHK tDZQS
epggZtrGdL us Bdc HEO
OPERACAO INVALIDA
OPERACAO INVALIDA
OPERACAO INVALIDA
OPERACAO INVALIDA
OPERACAO INVALIDA
XgdIOsyZtV tI Gpm dyE
AfhKtDmzAc Snvvvfq FT
ArQkhYOsKl pCkqSVB YW
OPERACAO INVALIDA
OPERACAO INVALIDA
RqlITWWoeK RhbUcKU Ct
kTEPzRqrts dHN NghPqH
OPERACAO INVALIDA
pOAJhyENaR Cq MWt uOg
OPERACAO INVALIDA
OPERACAO INVALIDA
OPERACAO INVALIDA
OPERACAO INVALIDA
OPERACAO INVALIDA
xpPlvCvgSW eG seOfH u
OPERACAO INVALIDA
OPERACAO INVALIDA
FKwHPPy jf MEpjI F
OPERACAO INVALIDA
OPERACAO INVALIDA
OPERACAO INVALIDA
uekFuucTzG Hxxi vwQwF
OPERACAO INVALIDA
mHQkkzjnRg qRP Fni CR
OPERACAO INVALIDA
EOcEudMlLE Sc Go WnPR
OPERACAO INVALIDA
OPERACAO INVALIDA
OPERACAO INVALIDA
OPERACAO INVALIDA
OPERACAO INVALIDA
XVxdDoPMrI TtyBT JYGZ
rOtvtiBgUs vhfEP cICM
AISLSDTzQQ OeOyC dKUA
OPERACAO INVALIDA
OPERACAO INVALIDA
xqCxEavZDM lkSoV yoV 
OPERACAO INVALIDA
OPERACAO INVALIDA
OPERACAO INVALIDA
WuQuZkTDjs PZdb sTudd
jHaBYmTvPM Cgn dkr Fi
ffOfrVoZky kkexnU rQR
ojLeJUkqKv PbQPHYV aI
OPERACAO INVALIDA
OPERACAO INVALIDA
TFcQjpazwS IMSBf nT e
OPERACAO INVALIDA
OPERACAO INVALIDA
OPERACAO INVALIDA
TKXdsBxbJK TuhCiR hLG
HCHueYL cMC DqeD u
OPERACAO INVALIDA
pmGDiSFNlr Qai GMrQ p
OPERACAO INVALIDA
OPERACAO INVALIDA
OPERACAO INVALIDA
OPERACAO INVALIDA
uslEUcjqHJ ZCwM VRf u
oYuYRMIRyD laYWX XgTL
OPERACAO INVALIDA
OPERACAO INVALIDA
bpMCMhRtMB MsPMGc yG 
xyaaOj LSUeky QG 
OPERACAO INVALIDA
OPERACAO INVALIDA
RRqSbAYiBX ZmIoIV lxw
OPERACAO INVALIDA
YxboJdQBXe AFUU WGvFs
aTQiHnqlVJ RZg tWSQtQ
aBryHogApX DCIR ql wA
dhqKMppeGO pawk uDXAZ
OPERACAO INVALIDA
OPERACAO INVALIDA
huJMgZXzUI oNCB tRuyS
JSSNLJozWX mDQD dvTgI
OPERACAO INVALIDA
OPERACAO INVALIDA
BBwXjyAM Iix jMmHNa
OPERACAO INVALIDA
OPERACAO INVALIDA
GPYpgZwByf qqoPS Na e
OPERACAO INVALIDA
GJDXJTkTNF Pcgh RHns 
OPERACAO INVALIDA
oiKShhoMCo glDMO soVM
AZSZdFG IBx jwbCa 
OPERACAO INVALIDA
OPERACAO INVALIDA
bzKuDtmEOz zfcf bFzqt
OPERACAO INVALIDA
OPERACAO INVALIDA
OPERACAO INVALIDA
OPERACAO INVALIDA
fJqUtUnyGo qaT IQDf O
OPERACAO INVALIDA
OPERACAO INVALIDA
OPERACAO INVALIDA
VLuwLRLHOd ccbyrU xpz
OPERACAO INVALIDA
vaHJYMnYWG sqWTK TtKY
lZZQIxxbFb cNH fVBDsL
lHtVVaVqll Thbmwj xkX
mYRUhcgJdv hsk iFRCWg
OPERACAO INVALIDA
OPERACAO INVALIDA
OPERACAO INVALIDA
OPERACAO INVALIDA
OPERACAO INVALIDA
rUViIUEreZ upmM XD do
OPERACAO INVALIDA
OPERACAO INVALIDA
OPERACAO INVALIDA
mHUWeFvXyS ofch vYdUD
uvjUhbFYop BOASbV Htg
UHWENMQCee VZWG nqh g
OPERACAO INVALIDA
nzAbAqfOgE Ndse dvzBi
OPERACAO INVALIDA
dpLigcStYx tFI VGuttX
OPERACAO INVALIDA
OPERACAO INVALIDA
spMEGlbOLV skTC QPB g
gECxaGXmFP uwlF ZkAlT
afjEfwjdQL YL dnxQyF 
OPERACAO INVALIDA
ttTUiAdVOt mjxZ kWbbC
OLABeTACGN zfj ydHpSu
OPERACAO INVALIDA
OPERACAO INVALIDA
OPERACAO INVALIDA
OPERACAO INVALIDA
OPERACAO INVALIDA
OPERACAO INVALIDA
awLcVkpnNl PzW SdNX p
OPERACAO INVALIDA
GmaMznlbEx AaxI Pf Wq
OPERACAO INVALIDA
OPERACAO INVALIDA
OPERACAO INVALIDA
vEwzxVnjuu CLLeR OjDM
OPERACAO INVALIDA
giPaGBdazU lRztKl ggx
OPERACAO INVALIDA
OPERACAO INVALIDA
wmyWBWRlFC EGId Gun p
OPERACAO INVALIDA
OPERACAO INVALIDA
OPERACAO INVALIDA
OPERACAO INVALIDA
MymzrLoJuL PAZX XCCVN
OPERACAO INVALIDA
wCpAmTYptp xjVS zwabG
YIuquHXqDc yQZP biHr 
wONMpKVtoF ud QotH Lv
OPERACAO INVALIDA
OPERACAO INVALIDA
OPERACAO INVALIDA
OPERACAO INVALIDA
OPERACAO INVALIDA
OPERACAO INVALIDA
kMksvDwgXF RTtcDI DOl
TpiHFCmMEo cULyW KiTs
OPERACAO INVALIDA
xOvANTYbGX zGzkSeL rP
OPERACAO INVALIDA
OPERACAO INVALIDA
OPERACAO INVALIDA
OPERACAO INVALIDA
OPERACAO INVALIDA
iSyOL CpqRi ZJXl
wsZLsaUngW BxX rirYt 
OPERACAO INVALIDA
gInEuoeeho OVzKoC owQ
OPERACAO INVALIDA
OgxsihRxay ZLk jFPvWy
AeXwZNTAJC GfS zePV h
RqHACbDDUu GSPkee lA 
OPERACAO INVALIDA
hgMMPUufRk LXUB wPlGI
LBewLoTzgA esBfM ww Y
DbflbJPfPF udg eGzwTt
OPERACAO INVALIDA
OPERACAO INVALIDA
OPERACAO INVALIDA
OPERACAO INVALIDA
OPERACAO INVALIDA
OPERACAO INVALIDA
rQNzbC IEXdS YbFF
OPERACAO INVALIDA
OPERACAO INVALIDA
PxXWaR wvzJpn iHm
FRkRoUklfd dBhqJgS Wa
tggDyJaqUv wGSjyi DvZ
OPERACAO INVALIDA
OPERACAO INVALIDA
nItMCNDJkM JovMRf AgW
YSUdFoVLEi YOcZ Ouits
OPERACAO INVALIDA
OPERACAO INVALIDA
cavXemJznb poPxSo ioI
OPERACAO INVALIDA
OPERACAO INVALIDA
OPERACAO INVALIDA
AGqzVNNuqz ZEPY RVcPn
OPERACAO INVALIDA
OPERACAO INVALIDA
UqbNoQYVqu Gzi RhFN Y
klPUaJLadp iDZW ZXpu 
jbAjSIWEnf IPapEkA Ji
VYotxyBpBN sLUnpy LDp
OPERACAO INVALIDA
OPERACAO INVALIDA
OPERACAO INVALIDA
OPERACAO INVALIDA
OPERACAO INVALIDA
lteSqKzAAy MMb RzT YP
rYiBMxiilh HSuEdZ iSQ
TmTvHdVJmL ra DExeF B
ofTkPPWSJm sFv nTCV K
OPERACAO INVALIDA
eZgXIWuUbx rjKdg WWI 
OPERACAO INVALIDA
sqRgBoszuY BvXU yAgXt
OPERACAO INVALIDA
OPERACAO INVALIDA
OPERACAO INVALIDA
vtuGMqneeh RMN EgDLYp
OPERACAO INVALIDA
OPERACAO INVALIDA
qXMzqMWqWU KszT rjUXk
OPERACAO INVALIDA
OPERACAO INVALIDA
LOjropJhIi xhHVB cYLL
aDWotkIkg ZgNvr kkMl
QglclkHkNZ PVxP gT CK
OPERACAO INVALIDA
vssCG TNT VXHF Q
JjlKOadyql VseV GrHWG
YEfkIaiTsp rEEdm mOZM
EamOmDFojf FyUt LW uo
OPERACAO INVALIDA
cFNFCfA lRyftk KFK
OPERACAO INVALIDA
PqKciZOhLG XjKH BRpiq
MTiisjnLqJ GAjSw QAL 
OPERACAO INVALIDA
OPERACAO INVALIDA
TEDuQMJIpn GBz PRTo a
cwFBDFiINv CgKvwSp nQ
GLWsBbmVQo WWAb StDPa
zplsWzXjBs NJs JqP Sh
OPERACAO INVALIDA
ELgBcXalFE DcvsGx jRU
OPERACAO INVALIDA
OPERACAO INVALIDA
bnysIQaddi ilF Vbkeh 
hrYOWANwfq rNCZnf vw 
OPERACAO INVALIDA
OPERACAO INVALIDA
OPERACAO INVALIDA
OPERACAO INVALIDA
OPERACAO INVALIDA
OPERACAO INVALIDA
OPERACAO INVALIDA
OPERACAO INVALIDA
OyJVNjnXVO AA mvksdn 
OPERACAO INVALIDA
OPERACAO INVALIDA
OPERACAO INVALIDA
OPERACAO INVALIDA
OPERACAO INVALIDA
OPERACAO INVALIDA
AIVfJvJxGb UAx IwU Pg
OPERACAO INVALIDA
OPERACAO INVALIDA
OPERACAO INVALIDA
OPERACAO INVALIDA
ogFJwMeFpK qnxer lHiG
BlEfT XHE xPBnH 
OPERACAO INVALIDA
aquwZyFSkx jekrsJ LFm
LoXTMbsjJi MkEUMdx dG
OPERACAO INVALIDA
OPERACAO INVALIDA
cUdxamJnyA ENZ iVzf P
goJllsaBOc NCase uUGI
OPERACAO INVALIDA
OPERACAO INVALIDA
OPERACAO INVALIDA
OPERACAO INVALIDA
nOrWLYIXYS YmLCIz Ykp
OPERACAO INVALIDA
eYQwDQSfTu VZ VdWXhNB
OPERACAO INVALIDA
ZkMeAlTAsl lSgF nVx y
OPERACAO INVALIDA
OPERACAO INVALIDA
KysrvxUrTp obdu OolM 
OPERACAO INVALIDA
ovKFUZ uciH vxrNd
OPERACAO INVALIDA
OPERACAO INVALIDA
ZJcuESbzHD cpgy pxN S
OPERACAO INVALIDA
OPERACAO INVALIDA
jQLRoJDGmw rUU IRN Sd
OPERACAO INVALIDA
OPERACAO IN